Arguments: 
  /home/wilman/.nvm/versions/node/v16.15.1/bin/node /home/wilman/.nvm/versions/node/v16.15.1/bin/yarn add @ckeditor/ckeditor5-base64uploadadapter

PATH: 
  /opt/densify:/opt/densify:/home/wilman/.nvm/versions/node/v16.15.1/bin:/usr/local/sbin:/usr/local/bin:/usr/sbin:/usr/bin:/sbin:/bin:/usr/games:/usr/local/games:/snap/bin:/home/wilman/Android/Sdk/emulator:/home/wilman/Android/Sdk/platform-tools:/home/wilman/Android/Sdk/emulator:/home/wilman/Android/Sdk/platform-tools:/home/wilman/Android/Sdk/emulator:/home/wilman/Android/Sdk/platform-tools

Yarn version: 
  1.22.19

Node version: 
  16.15.1

Platform: 
  linux x64

Trace: 
  Error: https://registry.yarnpkg.com/@ckeditor%2fckeditor5-base64uploadadapter: Not found
      at Request.params.callback [as _callback] (/home/wilman/.nvm/versions/node/v16.15.1/lib/node_modules/yarn/lib/cli.js:66145:18)
      at Request.self.callback (/home/wilman/.nvm/versions/node/v16.15.1/lib/node_modules/yarn/lib/cli.js:140890:22)
      at Request.emit (node:events:527:28)
      at Request.<anonymous> (/home/wilman/.nvm/versions/node/v16.15.1/lib/node_modules/yarn/lib/cli.js:141862:10)
      at Request.emit (node:events:527:28)
      at IncomingMessage.<anonymous> (/home/wilman/.nvm/versions/node/v16.15.1/lib/node_modules/yarn/lib/cli.js:141784:12)
      at Object.onceWrapper (node:events:641:28)
      at IncomingMessage.emit (node:events:539:35)
      at endReadableNT (node:internal/streams/readable:1345:12)
      at processTicksAndRejections (node:internal/process/task_queues:83:21)

npm manifest: 
  {
    "name": "@ckeditor/ckeditor5-build-classic",
    "version": "35.0.1",
    "description": "The classic editor build of CKEditor 5 – the best browser-based rich text editor.",
    "keywords": [
      "ckeditor5-build",
      "ckeditor",
      "ckeditor5",
      "ckeditor 5",
      "wysiwyg",
      "rich text",
      "editor",
      "html",
      "contentEditable",
      "editing",
      "operational transformation",
      "ot",
      "collaboration",
      "collaborative",
      "real-time",
      "framework"
    ],
    "main": "./build/ckeditor.js",
    "files": [
      "build",
      "ckeditor5-metadata.json",
      "CHANGELOG.md"
    ],
    "dependencies": {
      "@ckeditor/ckeditor5-adapter-ckfinder": "^35.0.1",
      "@ckeditor/ckeditor5-autoformat": "^35.0.1",
      "@ckeditor/ckeditor5-basic-styles": "^35.0.1",
      "@ckeditor/ckeditor5-block-quote": "^35.0.1",
      "@ckeditor/ckeditor5-ckbox": "^35.0.1",
      "@ckeditor/ckeditor5-ckfinder": "^35.0.1",
      "@ckeditor/ckeditor5-cloud-services": "^35.0.1",
      "@ckeditor/ckeditor5-easy-image": "^35.0.1",
      "@ckeditor/ckeditor5-editor-classic": "^35.0.1",
      "@ckeditor/ckeditor5-essentials": "^35.0.1",
      "@ckeditor/ckeditor5-heading": "^35.0.1",
      "@ckeditor/ckeditor5-image": "^35.0.1",
      "@ckeditor/ckeditor5-indent": "^35.0.1",
      "@ckeditor/ckeditor5-link": "^35.0.1",
      "@ckeditor/ckeditor5-list": "^35.0.1",
      "@ckeditor/ckeditor5-media-embed": "^35.0.1",
      "@ckeditor/ckeditor5-paragraph": "^35.0.1",
      "@ckeditor/ckeditor5-paste-from-office": "^35.0.1",
      "@ckeditor/ckeditor5-table": "^35.0.1",
      "@ckeditor/ckeditor5-typing": "^35.0.1"
    },
    "devDependencies": {
      "@ckeditor/ckeditor5-core": "^35.0.1",
      "@ckeditor/ckeditor5-dev-utils": "^30.0.0",
      "@ckeditor/ckeditor5-dev-webpack-plugin": "^30.0.0",
      "@ckeditor/ckeditor5-theme-lark": "^35.0.1",
      "css-loader": "^5.2.7",
      "postcss-loader": "^4.3.0",
      "raw-loader": "^4.0.1",
      "style-loader": "^2.0.0",
      "terser-webpack-plugin": "^4.2.3",
      "ts-loader": "^9.3.0",
      "webpack": "^5.58.1",
      "webpack-cli": "^4.9.0"
    },
    "engines": {
      "node": ">=14.0.0",
      "npm": ">=5.7.1"
    },
    "author": "CKSource (http://cksource.com/)",
    "license": "GPL-2.0-or-later",
    "homepage": "https://ckeditor.com/ckeditor-5",
    "bugs": "https://github.com/ckeditor/ckeditor5/issues",
    "repository": {
      "type": "git",
      "url": "https://github.com/ckeditor/ckeditor5.git",
      "directory": "packages/ckeditor5-build-classic"
    },
    "scripts": {
      "build": "webpack --mode production",
      "preversion": "npm run build"
    }
  }

yarn manifest: 
  No manifest

Lockfile: 
  No lockfile
